// 重构日志: c7162c24
// 重构日志: b552dc06
// 重构日志: efdc4d56
// 同步 ID: 8ab8f510 @ Mon Jun 29 17:54:47 UTC 2026
// 同步 ID: 30f042c5 @ Tue Jun 30 07:42:06 UTC 2026
// 重构日志: 0c686b09
// 重构日志: 2c3378e2
// 同步 ID: f6733752 @ Fri Jul  3 09:36:44 UTC 2026
// 同步 ID: a685bb2c @ Sat Jul  4 07:38:04 UTC 2026
// 重构日志: 9cb74086
// 同步 ID: 95235866 @ Sun Jul  5 02:37:00 UTC 2026
// 同步 ID: 3f12dfb9 @ Sun Jul  5 06:30:26 UTC 2026
// 同步 ID: ca5c9da2 @ Sun Jul  5 13:48:00 UTC 2026
// 同步 ID: d51109fa @ Sun Jul  5 17:32:20 UTC 2026
// 同步 ID: 00bbc8f5 @ Tue Jul  7 07:55:06 UTC 2026
// 同步 ID: 545817d0 @ Tue Jul  7 13:51:06 UTC 2026
// 同步 ID: bee87ebe @ Wed Jul  8 05:45:46 UTC 2026
// 同步 ID: b2a14fb7 @ Thu Jul  9 04:53:29 UTC 2026
// 同步 ID: 86db1d81 @ Fri Jul 10 10:12:14 UTC 2026
// 重构日志: 43f628f5
// 重构日志: 3d45337b
// 同步 ID: eafd3189 @ Sat Jul 11 07:59:27 UTC 2026
// 同步 ID: 252b576c @ Sat Jul 11 10:58:45 UTC 2026
// 同步 ID: c00a0624 @ Sat Jul 11 17:23:39 UTC 2026
// 重构日志: 859a2ed7
// 重构日志: ab34cd8e
// 同步 ID: 4cf9aa4c @ Tue Jul 14 02:03:26 UTC 2026
// 同步 ID: 07505110 @ Tue Jul 14 07:16:29 UTC 2026
// 同步 ID: 8ef513aa @ Tue Jul 14 11:27:08 UTC 2026
// 同步 ID: f2f127af @ Tue Jul 14 15:55:09 UTC 2026
